2024-07-11 15:47:35,515 INFO  [org.jboss.modules] (main) JBoss Modules version 2.1.5.Final
2024-07-11 15:47:37,751 INFO  [org.jboss.msc] (main) JBoss MSC version 1.5.4.Final
2024-07-11 15:47:37,764 INFO  [org.jboss.threads] (main) JBoss Threads version 2.4.0.Final
2024-07-11 15:47:38,119 INFO  [org.jboss.as] (MSC service thread 1-1) WFLYSRV0049: WildFly Full 32.0.1.Final (WildFly Core 24.0.1.Final) starting
2024-07-11 15:47:38,121 DEBUG [org.jboss.as.config] (MSC service thread 1-1) Configured system properties:
	[Standalone] = 
	file.encoding = UTF-8
	file.separator = /
	java.awt.headless = true
	java.class.path = /home/marisak/Repos/ServletListeners/target/wildfly-32.0.1.Final/jboss-modules.jar
	java.class.version = 61.0
	java.home = /usr/lib/jvm/java-17-openjdk-amd64
	java.io.tmpdir = /tmp
	java.library.path = /usr/java/packages/lib:/usr/lib/x86_64-linux-gnu/jni:/lib/x86_64-linux-gnu:/usr/lib/x86_64-linux-gnu:/usr/lib/jni:/lib:/usr/lib
	java.net.preferIPv4Stack = true
	java.runtime.name = OpenJDK Runtime Environment
	java.runtime.version = 17.0.10+7-Ubuntu-122.04.1
	java.specification.name = Java Platform API Specification
	java.specification.vendor = Oracle Corporation
	java.specification.version = 17
	java.util.logging.manager = org.jboss.logmanager.LogManager
	java.vendor = Private Build
	java.vendor.url = Unknown
	java.vendor.url.bug = Unknown
	java.version = 17.0.10
	java.version.date = 2024-01-16
	java.vm.compressedOopsMode = 32-bit
	java.vm.info = mixed mode, sharing
	java.vm.name = OpenJDK 64-Bit Server VM
	java.vm.specification.name = Java Virtual Machine Specification
	java.vm.specification.vendor = Oracle Corporation
	java.vm.specification.version = 17
	java.vm.vendor = Private Build
	java.vm.version = 17.0.10+7-Ubuntu-122.04.1
	javax.management.builder.initial = org.jboss.as.jmx.PluggableMBeanServerBuilder
	jboss.home.dir = /home/marisak/Repos/ServletListeners/target/wildfly-32.0.1.Final
	jboss.host.name = desktop-7bcbv8b
	jboss.modules.system.pkgs = org.jboss.byteman
	jboss.node.name = desktop-7bcbv8b
	jboss.qualified.host.name = desktop-7bcbv8b
	jboss.server.base.dir = /home/marisak/Repos/ServletListeners/target/wildfly-32.0.1.Final/standalone
	jboss.server.config.dir = /home/marisak/Repos/ServletListeners/target/wildfly-32.0.1.Final/standalone/configuration
	jboss.server.data.dir = /home/marisak/Repos/ServletListeners/target/wildfly-32.0.1.Final/standalone/data
	jboss.server.log.dir = /home/marisak/Repos/ServletListeners/target/wildfly-32.0.1.Final/standalone/log
	jboss.server.name = desktop-7bcbv8b
	jboss.server.persist.config = true
	jboss.server.temp.dir = /home/marisak/Repos/ServletListeners/target/wildfly-32.0.1.Final/standalone/tmp
	jdk.debug = release
	line.separator = 

	logging.configuration = file:/home/marisak/Repos/ServletListeners/target/wildfly-32.0.1.Final/standalone/configuration/logging.properties
	module.path = /home/marisak/Repos/ServletListeners/target/wildfly-32.0.1.Final/modules
	native.encoding = UTF-8
	org.jboss.boot.log.file = /home/marisak/Repos/ServletListeners/target/wildfly-32.0.1.Final/standalone/log/server.log
	org.jboss.resolver.warning = true
	os.arch = amd64
	os.name = Linux
	os.version = 5.15.153.1-microsoft-standard-WSL2
	path.separator = :
	sun.arch.data.model = 64
	sun.boot.library.path = /usr/lib/jvm/java-17-openjdk-amd64/lib
	sun.cpu.endian = little
	sun.io.unicode.encoding = UnicodeLittle
	sun.java.command = /home/marisak/Repos/ServletListeners/target/wildfly-32.0.1.Final/jboss-modules.jar -mp /home/marisak/Repos/ServletListeners/target/wildfly-32.0.1.Final/modules org.jboss.as.standalone -Djboss.home.dir=/home/marisak/Repos/ServletListeners/target/wildfly-32.0.1.Final -Djboss.server.base.dir=/home/marisak/Repos/ServletListeners/target/wildfly-32.0.1.Final/standalone -Djboss.server.log.dir=/home/marisak/Repos/ServletListeners/target/wildfly-32.0.1.Final/standalone/log -Djboss.server.config.dir=/home/marisak/Repos/ServletListeners/target/wildfly-32.0.1.Final/standalone/configuration
	sun.java.launcher = SUN_STANDARD
	sun.jnu.encoding = UTF-8
	sun.management.compiler = HotSpot 64-Bit Tiered Compilers
	sun.stderr.encoding = UTF-8
	sun.stdout.encoding = UTF-8
	user.dir = /home/marisak/Repos/ServletListeners
	user.home = /home/marisak
	user.language = en
	user.name = marisak
	user.timezone = America/Mexico_City
2024-07-11 15:47:38,122 DEBUG [org.jboss.as.config] (MSC service thread 1-1) VM Arguments: -D[Standalone] -Xms64m -Xmx512m -Djava.net.preferIPv4Stack=true -Djava.awt.headless=true -Djboss.modules.system.pkgs=org.jboss.byteman --add-exports=java.base/sun.nio.ch=ALL-UNNAMED --add-exports=jdk.unsupported/sun.reflect=ALL-UNNAMED --add-exports=jdk.unsupported/sun.misc=ALL-UNNAMED -Dorg.jboss.boot.log.file=/home/marisak/Repos/ServletListeners/target/wildfly-32.0.1.Final/standalone/log/server.log -Dlogging.configuration=file:/home/marisak/Repos/ServletListeners/target/wildfly-32.0.1.Final/standalone/configuration/logging.properties 
2024-07-11 15:47:39,364 INFO  [org.wildfly.security] (Controller Boot Thread) ELY00001: WildFly Elytron version 2.4.2.Final
2024-07-11 15:47:40,018 INFO  [org.jboss.as.controller.management-deprecated] (ServerService Thread Pool -- 31) WFLYCTL0028: Attribute 'cluster' in the resource at address '/subsystem=ejb3/service=remote' is deprecated, and may be removed in a future version. See the attribute description in the output of the read-resource-description operation to learn more about the deprecation.
2024-07-11 15:47:40,076 INFO  [org.jboss.as.server] (Controller Boot Thread) WFLYSRV0039: Creating http management service using socket-binding (management-http)
2024-07-11 15:47:40,092 INFO  [org.xnio] (MSC service thread 1-8) XNIO version 3.8.15.Final
2024-07-11 15:47:40,098 INFO  [org.xnio.nio] (MSC service thread 1-8) XNIO NIO Implementation Version 3.8.15.Final
2024-07-11 15:47:40,166 INFO  [org.wildfly.extension.elytron.oidc._private] (ServerService Thread Pool -- 53) WFLYOIDC0001: Activating WildFly Elytron OIDC Subsystem
2024-07-11 15:47:40,169 INFO  [org.wildfly.extension.health] (ServerService Thread Pool -- 54) WFLYHEALTH0001: Activating Base Health Subsystem
2024-07-11 15:47:40,171 INFO  [org.jboss.as.clustering.infinispan] (ServerService Thread Pool -- 55) WFLYCLINF0001: Activating Infinispan subsystem.
2024-07-11 15:47:40,187 INFO  [org.jboss.remoting] (MSC service thread 1-2) JBoss Remoting version 5.0.28.Final
2024-07-11 15:47:40,194 INFO  [org.wildfly.extension.microprofile.config.smallrye] (ServerService Thread Pool -- 65) WFLYCONF0001: Activating MicroProfile Config Subsystem
2024-07-11 15:47:40,206 INFO  [org.wildfly.extension.microprofile.jwt.smallrye] (ServerService Thread Pool -- 66) WFLYJWT0001: Activating MicroProfile JWT Subsystem
2024-07-11 15:47:40,212 INFO  [org.jboss.as.jsf] (ServerService Thread Pool -- 62) WFLYJSF0007: Activated the following Jakarta Server Faces Implementations: [main]
2024-07-11 15:47:40,219 INFO  [org.jboss.as.naming] (ServerService Thread Pool -- 67) WFLYNAM0001: Activating Naming Subsystem
2024-07-11 15:47:40,222 WARN  [org.jboss.as.txn] (ServerService Thread Pool -- 74) WFLYTX0013: The node-identifier attribute on the /subsystem=transactions is set to the default value. This is a danger for environments running multiple servers. Please make sure the attribute value is unique.
2024-07-11 15:47:40,228 INFO  [org.jboss.as.connector] (MSC service thread 1-5) WFLYJCA0009: Starting Jakarta Connectors Subsystem (WildFly/IronJacamar 3.0.9.Final)
2024-07-11 15:47:40,232 INFO  [org.wildfly.extension.io] (ServerService Thread Pool -- 56) WFLYIO001: Worker 'default' has auto-configured to 24 IO threads with 192 max task threads based on your 12 available processors
2024-07-11 15:47:40,233 INFO  [org.jboss.as.connector.subsystems.datasources] (ServerService Thread Pool -- 44) WFLYJCA0004: Deploying JDBC-compliant driver class org.h2.Driver (version 2.2)
2024-07-11 15:47:40,233 INFO  [org.wildfly.extension.metrics] (ServerService Thread Pool -- 64) WFLYMETRICS0001: Activating Base Metrics Subsystem
2024-07-11 15:47:40,245 INFO  [org.jboss.as.connector.deployers.jdbc] (MSC service thread 1-5) WFLYJCA0018: Started Driver service with driver-name = h2
2024-07-11 15:47:40,260 INFO  [org.jboss.as.webservices] (ServerService Thread Pool -- 76) WFLYWS0002: Activating WebServices Extension
2024-07-11 15:47:40,260 INFO  [org.jboss.as.jaxrs] (ServerService Thread Pool -- 57) WFLYRS0016: RESTEasy version 6.2.9.Final
2024-07-11 15:47:40,336 INFO  [org.wildfly.extension.undertow] (MSC service thread 1-4) WFLYUT0003: Undertow 2.3.13.Final starting
2024-07-11 15:47:40,352 WARN  [org.wildfly.extension.elytron] (MSC service thread 1-2) WFLYELY00023: KeyStore file '/home/marisak/Repos/ServletListeners/target/wildfly-32.0.1.Final/standalone/configuration/application.keystore' does not exist. Used blank.
2024-07-11 15:47:40,366 INFO  [org.jboss.as.naming] (MSC service thread 1-5) WFLYNAM0003: Starting Naming Service
2024-07-11 15:47:40,371 INFO  [org.jboss.as.mail.extension] (MSC service thread 1-2) WFLYMAIL0001: Bound mail session [java:jboss/mail/Default]
2024-07-11 15:47:40,399 WARN  [org.wildfly.extension.elytron] (MSC service thread 1-4) WFLYELY01084: KeyStore /home/marisak/Repos/ServletListeners/target/wildfly-32.0.1.Final/standalone/configuration/application.keystore not found, it will be auto-generated on first use with a self-signed certificate for host localhost
2024-07-11 15:47:40,595 INFO  [org.wildfly.extension.undertow] (ServerService Thread Pool -- 75) WFLYUT0014: Creating file handler for path '/home/marisak/Repos/ServletListeners/target/wildfly-32.0.1.Final/welcome-content' with options [directory-listing: 'false', follow-symlink: 'false', case-sensitive: 'true', safe-symlink-paths: '[]']
2024-07-11 15:47:40,608 INFO  [org.wildfly.extension.undertow] (MSC service thread 1-6) WFLYUT0012: Started server default-server.
2024-07-11 15:47:40,613 INFO  [org.wildfly.extension.undertow] (MSC service thread 1-2) Queuing requests.
2024-07-11 15:47:40,617 INFO  [org.wildfly.extension.undertow] (MSC service thread 1-2) WFLYUT0018: Host default-host starting
2024-07-11 15:47:40,622 INFO  [org.jboss.as.ejb3] (MSC service thread 1-8) WFLYEJB0481: Strict pool slsb-strict-max-pool is using a max instance size of 192 (per class), which is derived from thread worker pool sizing.
2024-07-11 15:47:40,623 INFO  [org.jboss.as.ejb3] (MSC service thread 1-3) WFLYEJB0482: Strict pool mdb-strict-max-pool is using a max instance size of 48 (per class), which is derived from the number of CPUs on this host.
2024-07-11 15:47:40,687 INFO  [org.wildfly.extension.undertow] (MSC service thread 1-6) WFLYUT0006: Undertow HTTP listener default listening on 127.0.0.1:8080
2024-07-11 15:47:40,867 INFO  [org.wildfly.extension.undertow] (MSC service thread 1-8) WFLYUT0006: Undertow HTTPS listener https listening on 127.0.0.1:8443
2024-07-11 15:47:40,870 INFO  [org.jboss.as.ejb3] (MSC service thread 1-6) WFLYEJB0493: Jakarta Enterprise Beans subsystem suspension complete
2024-07-11 15:47:41,026 INFO  [org.jboss.as.connector.subsystems.datasources] (MSC service thread 1-3) WFLYJCA0001: Bound data source [java:jboss/datasources/ExampleDS]
2024-07-11 15:47:41,157 INFO  [org.jboss.as.server.deployment.scanner] (MSC service thread 1-4) WFLYDS0013: Started FileSystemDeploymentService for directory /home/marisak/Repos/ServletListeners/target/wildfly-32.0.1.Final/standalone/deployments
2024-07-11 15:47:41,297 INFO  [org.jboss.ws.common.management] (MSC service thread 1-6) JBWS022052: Starting JBossWS 7.1.0.Final (Apache CXF 4.0.4) 
2024-07-11 15:47:41,462 INFO  [org.jboss.as.server] (Controller Boot Thread) WFLYSRV0212: Resuming server
2024-07-11 15:47:41,483 INFO  [org.jboss.as] (Controller Boot Thread) WFLYSRV0060: Http management interface listening on http://127.0.0.1:9990/management
2024-07-11 15:47:41,484 INFO  [org.jboss.as] (Controller Boot Thread) WFLYSRV0051: Admin console listening on http://127.0.0.1:9990
2024-07-11 15:47:41,489 INFO  [org.jboss.as] (Controller Boot Thread) WFLYSRV0025: WildFly Full 32.0.1.Final (WildFly Core 24.0.1.Final) started in 7241ms - Started 281 of 523 services (319 services are lazy, passive or on-demand) - Server configuration file in use: standalone.xml
2024-07-11 15:47:42,117 INFO  [org.jboss.as.repository] (management-handler-thread - 1) WFLYDR0001: Content added at location /home/marisak/Repos/ServletListeners/target/wildfly-32.0.1.Final/standalone/data/content/10/8c4e738a271806946f4504be6a9a0bf75cbb70/content
2024-07-11 15:47:42,138 INFO  [org.jboss.as.server.deployment] (MSC service thread 1-8) WFLYSRV0027: Starting deployment of "projectJD-1.0-SNAPSHOT.war" (runtime-name: "projectJD-1.0-SNAPSHOT.war")
2024-07-11 15:47:44,370 INFO  [org.jboss.as.connector.deployers.jdbc] (MSC service thread 1-5) WFLYJCA0004: Deploying JDBC-compliant driver class org.mariadb.jdbc.Driver (version 3.4)
2024-07-11 15:47:44,491 INFO  [org.jboss.as.connector.deployers.jdbc] (MSC service thread 1-7) WFLYJCA0018: Started Driver service with driver-name = projectJD-1.0-SNAPSHOT.war_org.mariadb.jdbc.Driver_3_4
2024-07-11 15:47:44,501 WARN  [org.wildfly.extension.undertow] (MSC service thread 1-4) WFLYUT0101: Duplicate servlet mapping /context found
2024-07-11 15:47:44,501 WARN  [org.wildfly.extension.undertow] (MSC service thread 1-4) WFLYUT0101: Duplicate servlet mapping /saludo found
2024-07-11 15:47:44,613 INFO  [stdout] (ServerService Thread Pool -- 18) [+] Application Started
2024-07-11 15:47:44,666 INFO  [org.wildfly.extension.undertow] (ServerService Thread Pool -- 18) WFLYUT0021: Registered web context: '/projectJD-1.0-SNAPSHOT' for server 'default-server'
2024-07-11 15:47:44,732 INFO  [org.jboss.as.server] (management-handler-thread - 1) WFLYSRV0010: Deployed "projectJD-1.0-SNAPSHOT.war" (runtime-name : "projectJD-1.0-SNAPSHOT.war")
2024-07-11 15:47:54,317 INFO  [stdout] (default task-1) Request inicializado desde la IP ->127.0.0.1
2024-07-11 15:47:55,045 INFO  [stdout] (default task-1) [!] Sesion Creada -> pGjUqqZ-rN8ztJ5pL9530m9nmx5WjiEhlcQbFTsb
2024-07-11 15:47:55,045 INFO  [stdout] (default task-1) [+] Sesion Activa -> 1
2024-07-11 15:47:55,055 INFO  [stdout] (default task-1) Request destruido desde la IP -> 127.0.0.1
2024-07-11 15:51:56,858 INFO  [stdout] (default task-1) Request inicializado desde la IP ->127.0.0.1
2024-07-11 15:51:56,887 INFO  [stdout] (default task-1) Request destruido desde la IP -> 127.0.0.1
2024-07-11 15:52:05,590 INFO  [stdout] (default task-1) Request inicializado desde la IP ->127.0.0.1
2024-07-11 15:52:05,594 INFO  [stdout] (default task-1) Request destruido desde la IP -> 127.0.0.1
